{"timestamp":"2026-06-01 08:10:03","performed_by":1,"action":"user_soft_deleted","target_user_id":3,"ip":"::1","details":[]}
{"timestamp":"2026-06-01 08:10:10","performed_by":1,"action":"user_soft_deleted","target_user_id":4,"ip":"::1","details":[]}
{"timestamp":"2026-06-01 08:12:02","performed_by":1,"action":"user_status_changed","target_user_id":3,"ip":"::1","details":{"new_status":"active"}}
{"timestamp":"2026-06-01 08:22:52","performed_by":1,"action":"employee_status_changed","target_user_id":2,"ip":"::1","details":[]}
{"timestamp":"2026-06-01 08:23:04","performed_by":1,"action":"employee_status_changed","target_user_id":2,"ip":"::1","details":[]}
{"timestamp":"2026-06-01 08:29:28","performed_by":1,"action":"user_status_changed","target_user_id":3,"ip":"::1","details":{"new_status":"active"}}
{"timestamp":"2026-06-01 08:29:40","performed_by":1,"action":"user_soft_deleted","target_user_id":3,"ip":"::1","details":[]}
{"timestamp":"2026-06-01 08:33:31","performed_by":1,"action":"employee_restored","target_user_id":1,"ip":"::1","details":[]}
{"timestamp":"2026-06-01 08:33:47","performed_by":1,"action":"employee_restored","target_user_id":1,"ip":"::1","details":[]}
{"timestamp":"2026-06-01 08:35:17","performed_by":1,"action":"employee_updated","target_user_id":2,"ip":"::1","details":{"name":"asdas"}}
{"timestamp":"2026-06-01 10:47:50","performed_by":1,"action":"employee_updated","target_user_id":1,"ip":"::1","details":{"name":"sajid"}}
{"timestamp":"2026-06-01 11:45:30","performed_by":1,"action":"product_price_added","target_user_id":708,"ip":"::1","details":{"sales_rate":"2333"}}
{"timestamp":"2026-06-01 11:53:47","performed_by":1,"action":"product_price_added","target_user_id":708,"ip":"::1","details":{"sales_rate":"1222"}}
{"timestamp":"2026-06-01 11:53:51","performed_by":1,"action":"product_price_added","target_user_id":708,"ip":"::1","details":{"sales_rate":"1222"}}
{"timestamp":"2026-06-01 11:57:36","performed_by":1,"action":"product_updated","target_user_id":708,"ip":"::1","details":{"product_name":"007F (2207)"}}
{"timestamp":"2026-06-01 11:59:08","performed_by":1,"action":"product_updated","target_user_id":708,"ip":"::1","details":{"product_name":"007F (2207)"}}
{"timestamp":"2026-06-01 11:59:36","performed_by":1,"action":"product_updated","target_user_id":708,"ip":"::1","details":{"product_name":"007F (2207)"}}
{"timestamp":"2026-06-01 13:49:17","performed_by":1,"action":"product_updated","target_user_id":708,"ip":"::1","details":{"product_name":"007F (2207)"}}
{"timestamp":"2026-06-01 13:49:51","performed_by":1,"action":"product_updated","target_user_id":708,"ip":"::1","details":{"product_name":"007F (2207)"}}
{"timestamp":"2026-06-01 13:56:54","performed_by":1,"action":"product_updated","target_user_id":708,"ip":"::1","details":{"product_name":"007F (2207)"}}
{"timestamp":"2026-06-01 14:03:20","performed_by":1,"action":"product_updated","target_user_id":708,"ip":"::1","details":{"product_name":"007F (2207)"}}
{"timestamp":"2026-06-01 14:03:24","performed_by":1,"action":"product_price_added","target_user_id":708,"ip":"::1","details":{"sales_rate":"12"}}
{"timestamp":"2026-06-01 14:13:35","performed_by":1,"action":"branch_status_changed","target_user_id":1,"ip":"::1","details":{"new_status":"deactivated"}}
{"timestamp":"2026-06-01 15:36:20","performed_by":1,"action":"branch_status_changed","target_user_id":1,"ip":"::1","details":{"new_status":"activated"}}
{"timestamp":"2026-06-01 15:46:11","performed_by":1,"action":"warehouse_status_changed","target_user_id":1,"ip":"::1","details":[]}
{"timestamp":"2026-06-01 15:52:09","performed_by":1,"action":"warehouse_status_changed","target_user_id":11,"ip":"::1","details":[]}
{"timestamp":"2026-06-01 15:52:13","performed_by":1,"action":"warehouse_status_changed","target_user_id":5,"ip":"::1","details":[]}
{"timestamp":"2026-06-01 15:59:07","performed_by":1,"action":"warehouse_status_changed","target_user_id":1,"ip":"::1","details":[]}
{"timestamp":"2026-06-01 15:59:10","performed_by":1,"action":"warehouse_status_changed","target_user_id":11,"ip":"::1","details":[]}
{"timestamp":"2026-06-01 15:59:13","performed_by":1,"action":"warehouse_status_changed","target_user_id":5,"ip":"::1","details":[]}
{"timestamp":"2026-06-01 15:59:35","performed_by":1,"action":"warehouse_created","target_user_id":null,"ip":"::1","details":{"warehouse_name":"1"}}
{"timestamp":"2026-06-01 15:59:38","performed_by":1,"action":"warehouse_status_changed","target_user_id":23,"ip":"::1","details":[]}
{"timestamp":"2026-06-01 16:10:45","performed_by":1,"action":"customer_deactivated","target_user_id":3592,"ip":"::1","details":[]}
{"timestamp":"2026-06-01 16:10:49","performed_by":1,"action":"customer_restored","target_user_id":3592,"ip":"::1","details":[]}
{"timestamp":"2026-06-01 16:22:20","performed_by":1,"action":"customer_deactivated","target_user_id":3592,"ip":"::1","details":[]}
{"timestamp":"2026-06-01 16:22:26","performed_by":1,"action":"customer_restored","target_user_id":3592,"ip":"::1","details":[]}
{"timestamp":"2026-06-01 16:24:45","performed_by":1,"action":"customer_updated","target_user_id":3592,"ip":"::1","details":{"customer_name":"MD MASUD","shop_name":"1 TO 99+","mobile":"01537593164"}}
{"timestamp":"2026-06-01 16:38:24","performed_by":1,"action":"customer_updated","target_user_id":3592,"ip":"::1","details":{"customer_name":"MD MASUD","shop_name":"1 TO 99+","mobile":"01537593164"}}
{"timestamp":"2026-06-01 16:40:40","performed_by":1,"action":"warehouse_status_changed","target_user_id":19,"ip":"::1","details":[]}
{"timestamp":"2026-06-01 16:40:49","performed_by":1,"action":"warehouse_status_changed","target_user_id":19,"ip":"::1","details":[]}
{"timestamp":"2026-06-01 16:40:52","performed_by":1,"action":"warehouse_status_changed","target_user_id":23,"ip":"::1","details":[]}
{"timestamp":"2026-06-01 16:50:23","performed_by":1,"action":"branch_status_changed","target_user_id":4,"ip":"::1","details":{"new_status":"deactivated"}}
{"timestamp":"2026-06-01 16:50:27","performed_by":1,"action":"branch_status_changed","target_user_id":4,"ip":"::1","details":{"new_status":"activated"}}
{"timestamp":"2026-06-01 16:51:02","performed_by":1,"action":"supplier_deactivated","target_user_id":16,"ip":"::1","details":[]}
{"timestamp":"2026-06-01 16:51:10","performed_by":1,"action":"supplier_restored","target_user_id":16,"ip":"::1","details":[]}
{"timestamp":"2026-06-01 16:53:23","performed_by":1,"action":"supplier_deactivated","target_user_id":16,"ip":"::1","details":[]}
{"timestamp":"2026-06-01 16:53:27","performed_by":1,"action":"supplier_restored","target_user_id":16,"ip":"::1","details":[]}
{"timestamp":"2026-06-01 16:54:25","performed_by":1,"action":"supplier_created","target_user_id":null,"ip":"::1","details":{"supplier_name":"1"}}
{"timestamp":"2026-06-01 16:54:27","performed_by":1,"action":"supplier_deactivated","target_user_id":17,"ip":"::1","details":[]}
{"timestamp":"2026-06-01 17:02:28","performed_by":1,"action":"bank_deactivated","target_user_id":5,"ip":"::1","details":[]}
{"timestamp":"2026-06-01 17:02:44","performed_by":1,"action":"bank_deactivated","target_user_id":25,"ip":"::1","details":[]}
{"timestamp":"2026-06-01 17:02:51","performed_by":1,"action":"bank_restored","target_user_id":5,"ip":"::1","details":[]}
{"timestamp":"2026-06-01 17:02:58","performed_by":1,"action":"bank_restored","target_user_id":25,"ip":"::1","details":[]}
{"timestamp":"2026-06-01 18:33:09","performed_by":1,"action":"other_expense_reversed","target_user_id":8,"ip":"::1","details":{"reason":"kol"}}
{"timestamp":"2026-06-01 18:35:24","performed_by":1,"action":"other_expense_reversed","target_user_id":9,"ip":"::1","details":{"reason":"aasas"}}
{"timestamp":"2026-06-01 18:52:19","performed_by":1,"action":"other_expense_reversed","target_user_id":10,"ip":"::1","details":{"reason":"kolllll"}}
{"timestamp":"2026-06-01 18:52:37","performed_by":1,"action":"other_expense_created","target_user_id":12,"ip":"::1","details":{"expense_code":"OE-20260601-5919","amount":"1000"}}
{"timestamp":"2026-06-01 19:20:14","performed_by":1,"action":"other_income_reversed","target_user_id":7,"ip":"::1","details":{"reason":"sdsss"}}
{"timestamp":"2026-06-01 19:24:08","performed_by":1,"action":"other_income_reversed","target_user_id":8,"ip":"::1","details":{"reason":"asa"}}
{"timestamp":"2026-06-01 19:43:14","performed_by":1,"action":"money_transfer_reversed","target_user_id":3,"ip":"::1","details":{"reason":"aa"}}
{"timestamp":"2026-06-01 19:50:11","performed_by":1,"action":"money_transfer_reversed","target_user_id":4,"ip":"::1","details":{"reason":"df","transfer_code":"MT-20260519-9479","transfer_type":"bank_to_cash","amount":1000}}
{"timestamp":"2026-06-01 20:05:14","performed_by":1,"action":"money_transfer_created","target_user_id":10,"ip":"::1","details":{"journal_entry_id":"15","transfer_code":"MT-20260601-5528","transfer_type":"cash_to_bank","amount":1111}}
{"timestamp":"2026-06-01 20:37:29","performed_by":1,"action":"other_income_reversed","target_user_id":9,"ip":"::1","details":{"reason":"asd"}}
{"timestamp":"2026-06-01 20:38:45","performed_by":1,"action":"ledger_created","target_user_id":null,"ip":"::1","details":{"ledger_name":"AAA"}}
{"timestamp":"2026-06-01 20:39:05","performed_by":1,"action":"ledger_status_changed","target_user_id":33,"ip":"::1","details":[]}
{"timestamp":"2026-06-01 20:58:45","performed_by":1,"action":"ledger_created","target_user_id":null,"ip":"::1","details":{"ledger_name":"Accounts Receivable - Customers"}}
{"timestamp":"2026-06-01 21:07:01","performed_by":1,"action":"ledger_created","target_user_id":null,"ip":"::1","details":{"ledger_name":"Accounts Receivable - Customers"}}
{"timestamp":"2026-06-01 21:49:04","performed_by":1,"action":"purchase_order_created","target_user_id":20,"ip":"::1","details":{"supplier_id":"16","total_amount":"110"}}
{"timestamp":"2026-06-01 22:15:31","performed_by":1,"action":"purchase_receive_created","target_user_id":54,"ip":"::1","details":{"po_id":"","total_amount":"123"}}
{"timestamp":"2026-06-01 22:25:27","performed_by":1,"action":"purchase_receive_created","target_user_id":55,"ip":"::1","details":{"po_id":"","total_amount":"9801"}}
{"timestamp":"2026-06-01 22:55:49","performed_by":1,"action":"purchase_order_created","target_user_id":21,"ip":"::1","details":{"supplier_id":"16","total_amount":"1400"}}
{"timestamp":"2026-06-01 23:00:11","performed_by":1,"action":"purchase_order_created","target_user_id":22,"ip":"::1","details":{"supplier_id":"16","total_amount":"711"}}
{"timestamp":"2026-06-02 00:59:01","performed_by":1,"action":"purchase_order_created","target_user_id":23,"ip":"::1","details":{"supplier_id":"2","po_date":"2026-06-02","total_amount":"1","expected_date":"","item_count":1,"journal_entry_id":null,"branch_id":1}}
{"timestamp":"2026-06-02 00:59:29","performed_by":1,"action":"purchase_order_updated","target_user_id":23,"ip":"::1","details":{"supplier_id":"2","total_amount":"1","item_count":1,"journal_entry_id":null,"branch_id":1}}
{"timestamp":"2026-06-02 01:09:11","performed_by":1,"action":"purchase_order_cancelled","target_user_id":23,"ip":"::1","details":{"reason":"oooooo","cancelled_at":"2026-06-02 01:09:11","journal_entry_id":null,"branch_id":1}}
{"timestamp":"2026-06-02 01:20:06","performed_by":1,"action":"purchase_return_reversed","target_user_id":9,"ip":"::1","details":{"reason":"kllllll","return_code":"PR-20260519-6811","receive_code":"GRN-20260518-0001","supplier_name":"Alif Electronics","total_amount":"9000.00","items_reversed":1,"journal_entry_id":null,"accounting_note":"Stock restored; returned_qty decremented on original GRN items. Ready for reversing JE in Phase 5.","branch_id":1}}
{"timestamp":"2026-06-02 01:33:20","performed_by":1,"action":"purchase_return_created","target_user_id":12,"ip":"::1","details":{"purchase_receive_id":"55","total_amount":"792.00","item_count":1,"reason":"","journal_entry_id":null,"accounting_impact":"Reverses prior GRN: Dr Supplier Payable, Cr Inventory (moving avg)","branch_id":1}}
{"timestamp":"2026-06-02 07:16:35","performed_by":1,"action":"purchase_receive_created","target_user_id":56,"ip":"::1","details":{"purchase_order_id":"22","is_direct_purchase":false,"supplier_id":"","receive_date":"2026-06-02","total_amount":"711","item_count":3,"journal_entry_id":null,"accounting_impact":"Dr Inventory @ moving avg, Cr Supplier Payable","branch_id":1}}
{"timestamp":"2026-06-02 11:43:22","performed_by":1,"action":"sale_created","target_user_id":74,"ip":"::1","details":{"invoice_code":"SI-20260602-0002","customer_id":1861,"total_amount":0,"branch_id":1}}
{"timestamp":"2026-06-02 11:43:31","performed_by":1,"action":"payment_received","target_user_id":92,"ip":"::1","details":{"payment_code":"PAY-20260602-3411","invoice_id":73,"customer_id":1862,"amount":1,"payment_mode":"cash","branch_id":1}}
{"timestamp":"2026-06-02 11:43:45","performed_by":1,"action":"payment_received","target_user_id":93,"ip":"::1","details":{"payment_code":"PAY-20260602-3425","invoice_id":74,"customer_id":1861,"amount":20,"payment_mode":"cash","branch_id":1}}
{"timestamp":"2026-06-02 11:43:54","performed_by":1,"action":"payment_received","target_user_id":94,"ip":"::1","details":{"payment_code":"PAY-20260602-3434","invoice_id":74,"customer_id":1861,"amount":21,"payment_mode":"cash","branch_id":1}}
{"timestamp":"2026-06-02 11:44:21","performed_by":1,"action":"godown_prepared","target_user_id":74,"ip":"::1","details":{"invoice_id":74,"branch_id":1}}
{"timestamp":"2026-06-02 11:44:25","performed_by":1,"action":"challan_completed","target_user_id":38,"ip":"::1","details":{"challan_code":"CH-2026-0002","invoice_id":74,"transport_adjustment":0,"new_total":20,"journal_entry_id":null,"branch_id":1}}
{"timestamp":"2026-06-02 11:44:48","performed_by":1,"action":"return_created","target_user_id":13,"ip":"::1","details":{"sales_invoice_id":74,"total_amount":10,"item_count":1,"reason":"asas","branch_id":1}}
{"timestamp":"2026-06-02 11:44:55","performed_by":1,"action":"return_confirmed","target_user_id":13,"ip":"::1","details":{"return_id":13,"item_count":1,"branch_id":1}}
{"timestamp":"2026-06-02 11:45:04","performed_by":1,"action":"return_reversed","target_user_id":13,"ip":"::1","details":{"return_code":"SR-20260602-0001","total_amount":10,"was_completed":true,"reason":"asas","branch_id":1}}
{"timestamp":"2026-06-02 11:52:21","performed_by":1,"action":"sale_created","target_user_id":75,"ip":"::1","details":{"invoice_code":"SI-20260602-0003","customer_id":1863,"total_amount":0,"journal_entry_id":19,"branch_id":1}}
{"timestamp":"2026-06-02 11:53:04","performed_by":1,"action":"sale_updated","target_user_id":75,"ip":"::1","details":{"total_amount":null,"branch_id":1}}
{"timestamp":"2026-06-02 11:53:36","performed_by":1,"action":"sale_updated","target_user_id":75,"ip":"::1","details":{"total_amount":null,"branch_id":1}}
{"timestamp":"2026-06-02 12:07:27","performed_by":1,"action":"sale_created","target_user_id":76,"ip":"::1","details":{"invoice_code":"SI-20260602-0004","customer_id":1861,"total_amount":0,"journal_entry_id":20,"branch_id":1}}
{"timestamp":"2026-06-02 12:07:51","performed_by":1,"action":"sale_updated","target_user_id":76,"ip":"::1","details":{"total_amount":null,"branch_id":1}}
{"timestamp":"2026-06-02 12:08:10","performed_by":1,"action":"sale_deleted","target_user_id":76,"ip":"::1","details":{"message":"Invoice #SI-20260602-0004 has been deleted successfully.","branch_id":1}}
{"timestamp":"2026-06-02 12:08:28","performed_by":1,"action":"sale_deleted","target_user_id":75,"ip":"::1","details":{"message":"Invoice #SI-20260602-0003 has been deleted successfully.","branch_id":1}}
{"timestamp":"2026-06-02 12:18:30","performed_by":1,"action":"return_reversed","target_user_id":13,"ip":"::1","details":{"return_code":"SR-20260602-0001","total_amount":10,"was_completed":false,"reason":"aaaa","branch_id":1}}
{"timestamp":"2026-06-02 12:18:36","performed_by":1,"action":"return_reversed","target_user_id":13,"ip":"::1","details":{"return_code":"SR-20260602-0001","total_amount":10,"was_completed":false,"reason":"aaa","branch_id":1}}
{"timestamp":"2026-06-02 12:40:15","performed_by":1,"action":"sale_created","target_user_id":77,"ip":"::1","details":{"invoice_code":"SI-20260602-0005","customer_id":1898,"total_amount":0,"journal_entry_id":25,"branch_id":1}}
{"timestamp":"2026-06-02 13:50:30","performed_by":1,"action":"sale_created","target_user_id":79,"ip":"::1","details":{"invoice_code":"SI-20260602-0006","customer_id":1898,"total_amount":0,"journal_entry_id":26,"branch_id":1}}
{"timestamp":"2026-06-02 13:55:21","performed_by":1,"action":"sale_updated","target_user_id":79,"ip":"::1","details":{"total_amount":null,"branch_id":1}}
{"timestamp":"2026-06-02 13:55:53","performed_by":1,"action":"sale_updated","target_user_id":79,"ip":"::1","details":{"total_amount":null,"branch_id":1}}
{"timestamp":"2026-06-02 14:34:16","performed_by":1,"action":"sale_created","target_user_id":80,"ip":"::1","details":{"invoice_code":"SI-20260602-0007","customer_id":1898,"total_amount":0,"journal_entry_id":31,"branch_id":1}}
{"timestamp":"2026-06-02 14:38:16","performed_by":1,"action":"payment_received","target_user_id":95,"ip":"::1","details":{"payment_code":"PAY-20260602-3896","invoice_id":80,"customer_id":1898,"amount":33,"payment_mode":"11","journal_entry_id":32,"branch_id":1}}
{"timestamp":"2026-06-02 15:40:56","performed_by":1,"action":"challan_completed","target_user_id":39,"ip":"::1","details":{"challan_code":"CH-2026-0003","invoice_id":80,"transport_adjustment":0,"new_total":33,"journal_entry_id":33,"cogs_amount":63,"branch_id":1}}
{"timestamp":"2026-06-02 15:48:57","performed_by":1,"action":"payment_received","target_user_id":96,"ip":"::1","details":{"payment_code":"PAY-20260602-8137","invoice_id":79,"customer_id":1898,"amount":11,"payment_mode":"cash","journal_entry_id":34,"branch_id":1}}
{"timestamp":"2026-06-02 16:07:58","performed_by":1,"action":"payment_received","target_user_id":97,"ip":"::1","details":{"payment_code":"PAY-20260602-9278","invoice_id":77,"customer_id":1898,"amount":217,"payment_mode":"cash","journal_entry_id":35,"branch_id":1}}
{"timestamp":"2026-06-02 16:08:08","performed_by":1,"action":"payment_received","target_user_id":98,"ip":"::1","details":{"payment_code":"PAY-20260602-9288","invoice_id":77,"customer_id":1898,"amount":217,"payment_mode":"cash","journal_entry_id":36,"branch_id":1}}
{"timestamp":"2026-06-02 16:15:58","performed_by":1,"action":"return_created","target_user_id":14,"ip":"::1","details":{"sales_invoice_id":74,"total_amount":4,"item_count":1,"reason":"asds","branch_id":1}}
{"timestamp":"2026-06-02 16:16:37","performed_by":1,"action":"return_created","target_user_id":15,"ip":"::1","details":{"sales_invoice_id":74,"total_amount":4,"item_count":1,"reason":"","branch_id":1}}
{"timestamp":"2026-06-02 16:18:59","performed_by":1,"action":"return_confirmed","target_user_id":15,"ip":"::1","details":{"return_id":15,"item_count":1,"journal_entry_id":37,"cogs_amount":42,"branch_id":1}}
{"timestamp":"2026-06-02 16:32:24","performed_by":1,"action":"return_confirmed","target_user_id":14,"ip":"::1","details":{"return_id":14,"item_count":1,"journal_entry_id":38,"cogs_amount":4,"branch_id":1}}
{"timestamp":"2026-06-02 16:40:18","performed_by":1,"action":"payment_reversed","target_user_id":96,"ip":"::1","details":{"payment_code":"PAY-20260602-8137","amount":11,"invoice_ids":[79],"reason":"sasdasd","branch_id":1}}
{"timestamp":"2026-06-02 18:09:13","performed_by":1,"action":"purchase_return_created","target_user_id":13,"ip":"::1","details":{"purchase_receive_id":"56","total_amount":"33.00","item_count":2,"reason":"","journal_entry_id":null,"accounting_impact":"Reverses prior GRN: Dr Supplier Payable, Cr Inventory (moving avg)","branch_id":1}}
{"timestamp":"2026-06-02 18:09:29","performed_by":1,"action":"purchase_return_reversed","target_user_id":13,"ip":"::1","details":{"reason":"Aaaaaa","return_code":"PR-20260602-7948","receive_code":"GRN-20260602-0003","supplier_name":"Ahad Elecltronics","total_amount":"33.00","items_reversed":2,"journal_entry_id":40,"accounting_note":"Stock restored; returned_qty decremented on original GRN items. Ready for reversing JE in Phase 5.","branch_id":1}}
{"timestamp":"2026-06-02 19:11:41","performed_by":1,"action":"product_price_added","target_user_id":256,"ip":"::1","details":{"sales_rate":"111","branch_id":1}}
{"timestamp":"2026-06-02 19:11:44","performed_by":1,"action":"product_price_added","target_user_id":256,"ip":"::1","details":{"sales_rate":"2","branch_id":1}}
{"timestamp":"2026-06-02 19:15:08","performed_by":1,"action":"product_updated","target_user_id":263,"ip":"::1","details":{"product_name":"TG 999 PLUS (300P)","branch_id":1}}
{"timestamp":"2026-06-02 20:04:39","performed_by":1,"action":"customer_payment_created","target_user_id":100,"ip":"::1","details":{"payment_code":"PAY-20260602-4939","transaction_type":"receive","amount":"4999.99","customer_id":"3592","journal_entry_id":62,"branch_id":1}}
{"timestamp":"2026-06-02 20:12:12","performed_by":1,"action":"customer_payment_created","target_user_id":102,"ip":"::1","details":{"payment_code":"PAY-20260602-3966","transaction_type":"receive","amount":"30000","customer_id":"3636","journal_entry_id":64,"branch_id":1}}
{"timestamp":"2026-06-02 20:30:02","performed_by":1,"action":"customer_payment_created","target_user_id":103,"ip":"::1","details":{"payment_code":"PAY-20260602-7719","transaction_type":"receive","amount":"90","customer_id":"3206","journal_entry_id":65,"branch_id":1}}
{"timestamp":"2026-06-02 20:30:48","performed_by":1,"action":"customer_payment_created","target_user_id":104,"ip":"::1","details":{"payment_code":"PAY-20260602-3021","transaction_type":"receive","amount":"90","customer_id":"3636","journal_entry_id":66,"branch_id":1}}
{"timestamp":"2026-06-02 21:02:22","performed_by":1,"action":"customer_payment_created","target_user_id":105,"ip":"::1","details":{"payment_code":"PAY-20260602-2757","transaction_type":"discount","amount":"10","customer_id":"3595","journal_entry_id":67,"branch_id":1}}
{"timestamp":"2026-06-02 21:28:11","performed_by":1,"action":"supplier_transaction_created","target_user_id":8,"ip":"::1","details":{"payment_code":"SPAY-20260602-7970","transaction_type":"payment","amount":"100","supplier_id":"15","journal_entry_id":68,"branch_id":1}}
{"timestamp":"2026-06-02 21:28:31","performed_by":1,"action":"supplier_transaction_reversed","target_user_id":8,"ip":"::1","details":{"reason":"sss","branch_id":1}}
{"timestamp":"2026-06-02 21:35:13","performed_by":1,"action":"money_transfer_created","target_user_id":11,"ip":"::1","details":{"journal_entry_id":"70","transfer_code":"MT-20260602-4396","transfer_type":"cash_to_bank","amount":1000,"branch_id":1}}
{"timestamp":"2026-06-02 21:35:13","performed_by":1,"action":"money_transfer_created","target_user_id":12,"ip":"::1","details":{"journal_entry_id":"71","transfer_code":"MT-20260602-6196","transfer_type":"cash_to_bank","amount":1000,"branch_id":1}}
{"timestamp":"2026-06-02 21:36:03","performed_by":1,"action":"money_transfer_reversed","target_user_id":11,"ip":"::1","details":{"reason":"asda","transfer_code":"MT-20260602-4396","transfer_type":"cash_to_bank","amount":1000,"branch_id":1}}
{"timestamp":"2026-06-02 23:29:36","performed_by":1,"action":"sale_created","target_user_id":81,"ip":"::1","details":{"invoice_code":"SI-20260602-0008","customer_id":1866,"total_amount":0,"journal_entry_id":77,"branch_id":1}}
{"timestamp":"2026-06-02 23:31:07","performed_by":1,"action":"sale_created","target_user_id":82,"ip":"::1","details":{"invoice_code":"SI-20260602-0009","customer_id":1866,"total_amount":0,"journal_entry_id":78,"branch_id":1}}
{"timestamp":"2026-06-02 23:33:26","performed_by":1,"action":"sale_created","target_user_id":83,"ip":"::1","details":{"invoice_code":"SI-20260602-0010","customer_id":1866,"total_amount":0,"journal_entry_id":79,"branch_id":1}}
{"timestamp":"2026-06-02 23:34:25","performed_by":1,"action":"sale_created","target_user_id":84,"ip":"::1","details":{"invoice_code":"SI-20260602-0011","customer_id":1898,"total_amount":0,"journal_entry_id":80,"branch_id":1}}
{"timestamp":"2026-06-02 23:35:55","performed_by":1,"action":"sale_created","target_user_id":85,"ip":"::1","details":{"invoice_code":"SI-20260602-0012","customer_id":1866,"total_amount":0,"journal_entry_id":81,"branch_id":1}}
{"timestamp":"2026-06-02 23:38:46","performed_by":1,"action":"sale_created","target_user_id":86,"ip":"::1","details":{"invoice_code":"SI-20260602-0013","customer_id":1898,"total_amount":0,"journal_entry_id":82,"branch_id":1}}
{"timestamp":"2026-06-02 23:41:12","performed_by":1,"action":"sale_created","target_user_id":87,"ip":"::1","details":{"invoice_code":"SI-20260602-0014","customer_id":1866,"total_amount":0,"journal_entry_id":83,"branch_id":1}}
{"timestamp":"2026-06-02 23:43:25","performed_by":1,"action":"sale_created","target_user_id":88,"ip":"::1","details":{"invoice_code":"SI-20260602-0015","customer_id":1898,"total_amount":0,"journal_entry_id":84,"branch_id":1}}
{"timestamp":"2026-06-02 23:58:51","performed_by":1,"action":"sale_created","target_user_id":89,"ip":"::1","details":{"invoice_code":"SI-20260602-0016","customer_id":1879,"total_amount":0,"journal_entry_id":85,"branch_id":1}}
{"timestamp":"2026-06-03 00:17:34","performed_by":1,"action":"sale_created","target_user_id":90,"ip":"::1","details":{"invoice_code":"SI-20260603-0001","customer_id":1879,"total_amount":0,"journal_entry_id":86,"branch_id":1}}
{"timestamp":"2026-06-03 00:19:52","performed_by":1,"action":"sale_created","target_user_id":91,"ip":"::1","details":{"invoice_code":"SI-20260603-0002","customer_id":1879,"total_amount":0,"journal_entry_id":87,"branch_id":1}}
{"timestamp":"2026-06-03 01:29:56","performed_by":1,"action":"sale_created","target_user_id":92,"ip":"::1","details":{"invoice_code":"SI-20260603-0003","customer_id":1879,"total_amount":0,"journal_entry_id":88,"branch_id":1}}
{"timestamp":"2026-06-03 01:37:34","performed_by":1,"action":"sale_created","target_user_id":93,"ip":"::1","details":{"invoice_code":"SI-20260603-0004","customer_id":1879,"total_amount":0,"journal_entry_id":89,"branch_id":1}}
{"timestamp":"2026-06-03 01:44:40","performed_by":1,"action":"sale_created","target_user_id":94,"ip":"::1","details":{"invoice_code":"SI-20260603-0005","customer_id":1879,"total_amount":0,"journal_entry_id":90,"branch_id":1}}
{"timestamp":"2026-06-03 01:58:52","performed_by":1,"action":"sale_created","target_user_id":95,"ip":"::1","details":{"invoice_code":"SI-20260603-0006","customer_id":1861,"total_amount":0,"journal_entry_id":91,"branch_id":1}}
{"timestamp":"2026-06-03 02:04:05","performed_by":1,"action":"sale_created","target_user_id":96,"ip":"::1","details":{"invoice_code":"SI-20260603-0007","customer_id":1861,"total_amount":0,"journal_entry_id":92,"branch_id":1}}
{"timestamp":"2026-06-03 02:06:27","performed_by":1,"action":"sale_created","target_user_id":97,"ip":"::1","details":{"invoice_code":"SI-20260603-0008","customer_id":1861,"total_amount":0,"journal_entry_id":93,"branch_id":1}}
{"timestamp":"2026-06-03 02:10:15","performed_by":1,"action":"sale_created","target_user_id":98,"ip":"::1","details":{"invoice_code":"SI-20260603-0009","customer_id":1879,"total_amount":0,"journal_entry_id":94,"branch_id":1}}
{"timestamp":"2026-06-03 02:11:32","performed_by":1,"action":"sale_created","target_user_id":99,"ip":"::1","details":{"invoice_code":"SI-20260603-0010","customer_id":1879,"total_amount":0,"journal_entry_id":95,"branch_id":1}}
{"timestamp":"2026-06-03 02:17:34","performed_by":1,"action":"sale_created","target_user_id":100,"ip":"::1","details":{"invoice_code":"SI-20260603-0011","customer_id":1861,"total_amount":0,"journal_entry_id":96,"branch_id":1}}
{"timestamp":"2026-06-03 02:20:22","performed_by":1,"action":"sale_created","target_user_id":101,"ip":"::1","details":{"invoice_code":"SI-20260603-0012","customer_id":1861,"total_amount":0,"journal_entry_id":97,"branch_id":1}}
{"timestamp":"2026-06-03 02:21:34","performed_by":1,"action":"sale_created","target_user_id":102,"ip":"::1","details":{"invoice_code":"SI-20260603-0013","customer_id":1866,"total_amount":0,"journal_entry_id":98,"branch_id":1}}
{"timestamp":"2026-06-03 11:03:57","performed_by":1,"action":"sale_created","target_user_id":103,"ip":"::1","details":{"invoice_code":"SI-20260603-0014","customer_id":1866,"total_amount":0,"journal_entry_id":99,"branch_id":1}}
{"timestamp":"2026-06-03 11:22:10","performed_by":1,"action":"sale_created","target_user_id":104,"ip":"::1","details":{"invoice_code":"SI-20260603-0015","customer_id":1861,"total_amount":0,"journal_entry_id":100,"branch_id":1}}
{"timestamp":"2026-06-03 12:00:13","performed_by":1,"action":"sale_created","target_user_id":105,"ip":"::1","details":{"invoice_code":"SI-20260603-0016","customer_id":1861,"total_amount":0,"journal_entry_id":101,"branch_id":1}}
{"timestamp":"2026-06-03 12:10:22","performed_by":1,"action":"sale_created","target_user_id":108,"ip":"::1","details":{"invoice_code":"SI-20260603-0017","customer_id":1862,"total_amount":0,"journal_entry_id":102,"branch_id":1}}
{"timestamp":"2026-06-03 12:11:48","performed_by":1,"action":"sale_created","target_user_id":109,"ip":"::1","details":{"invoice_code":"SI-20260603-0018","customer_id":1862,"total_amount":0,"journal_entry_id":103,"branch_id":1}}
{"timestamp":"2026-06-03 12:15:02","performed_by":1,"action":"sale_created","target_user_id":110,"ip":"::1","details":{"invoice_code":"SI-20260603-0019","customer_id":1862,"total_amount":0,"journal_entry_id":104,"branch_id":1}}
{"timestamp":"2026-06-03 12:20:27","performed_by":3,"action":"sale_created","target_user_id":111,"ip":"::1","details":{"invoice_code":"SI-20260603-0020","customer_id":1861,"total_amount":0,"journal_entry_id":105,"branch_id":2}}
{"timestamp":"2026-06-03 12:41:38","performed_by":1,"action":"sale_created","target_user_id":112,"ip":"::1","details":{"invoice_code":"SI-20260603-0021","customer_id":1882,"total_amount":0,"journal_entry_id":106,"branch_id":1}}
{"timestamp":"2026-06-03 12:51:49","performed_by":1,"action":"sale_created","target_user_id":113,"ip":"::1","details":{"invoice_code":"SI-20260603-0022","customer_id":1882,"total_amount":0,"journal_entry_id":107,"branch_id":1}}
{"timestamp":"2026-06-03 16:41:34","performed_by":1,"action":"sale_created","target_user_id":116,"ip":"::1","details":{"invoice_code":"SI-20260603-0023","customer_id":1882,"total_amount":0,"journal_entry_id":108,"branch_id":1}}
{"timestamp":"2026-06-03 17:17:24","performed_by":3,"action":"sale_updated","target_user_id":111,"ip":"::1","details":{"total_amount":null,"branch_id":2}}
{"timestamp":"2026-06-03 17:17:28","performed_by":3,"action":"sale_deleted","target_user_id":111,"ip":"::1","details":{"message":"Invoice #SI-20260603-0020 has been deleted successfully.","branch_id":2}}
{"timestamp":"2026-06-03 17:21:59","performed_by":1,"action":"godown_prepared","target_user_id":105,"ip":"::1","details":{"invoice_id":105,"branch_id":1}}
{"timestamp":"2026-06-03 17:22:06","performed_by":1,"action":"challan_completed","target_user_id":40,"ip":"::1","details":{"challan_code":"CH-2026-0004","invoice_id":105,"transport_adjustment":0,"new_total":1,"journal_entry_id":112,"cogs_amount":21,"branch_id":1}}
{"timestamp":"2026-06-03 18:11:05","performed_by":1,"action":"sale_created","target_user_id":118,"ip":"::1","details":{"invoice_code":"SI-20260603-0024","customer_id":1927,"total_amount":0,"journal_entry_id":113,"branch_id":1}}
{"timestamp":"2026-06-03 18:21:50","performed_by":1,"action":"sale_updated","target_user_id":118,"ip":"::1","details":{"total_amount":null,"branch_id":1}}
{"timestamp":"2026-06-03 18:21:59","performed_by":1,"action":"sale_deleted","target_user_id":118,"ip":"::1","details":{"message":"Invoice #SI-20260603-0024 has been deleted successfully.","branch_id":1}}
{"timestamp":"2026-06-03 18:22:27","performed_by":1,"action":"sale_call_a_day","target_user_id":null,"ip":"::1","details":{"invoice_ids":["104"],"count":1,"branch_id":1}}
{"timestamp":"2026-06-03 18:29:59","performed_by":1,"action":"payment_received","target_user_id":108,"ip":"::1","details":{"payment_code":"PAY-20260603-0001","invoice_id":103,"customer_id":1866,"amount":12,"payment_mode":"cash","journal_entry_id":119,"branch_id":1}}
{"timestamp":"2026-06-03 18:36:39","performed_by":1,"action":"godown_prepared","target_user_id":104,"ip":"::1","details":{"invoice_id":104,"branch_id":1}}
{"timestamp":"2026-06-03 18:38:02","performed_by":1,"action":"godown_prepared","target_user_id":102,"ip":"::1","details":{"invoice_id":102,"branch_id":1}}
{"timestamp":"2026-06-03 19:25:46","performed_by":1,"action":"godown_prepared","target_user_id":103,"ip":"::1","details":{"invoice_id":103,"branch_id":1}}
{"timestamp":"2026-06-03 19:26:00","performed_by":1,"action":"godown_prepared","target_user_id":103,"ip":"::1","details":{"invoice_id":103,"branch_id":1}}
{"timestamp":"2026-06-03 19:26:05","performed_by":1,"action":"challan_completed","target_user_id":41,"ip":"::1","details":{"challan_code":"CH-2026-0005","invoice_id":103,"transport_adjustment":0,"new_total":12,"journal_entry_id":120,"cogs_amount":11.08,"branch_id":1}}
{"timestamp":"2026-06-03 19:27:13","performed_by":1,"action":"sale_created","target_user_id":119,"ip":"::1","details":{"invoice_code":"SI-20260603-0025","customer_id":1861,"total_amount":0,"journal_entry_id":121,"branch_id":1}}
{"timestamp":"2026-06-03 19:27:45","performed_by":1,"action":"godown_prepared","target_user_id":119,"ip":"::1","details":{"invoice_id":119,"branch_id":1}}
{"timestamp":"2026-06-03 19:30:30","performed_by":1,"action":"godown_prepared","target_user_id":119,"ip":"::1","details":{"invoice_id":119,"branch_id":1}}
{"timestamp":"2026-06-03 19:30:34","performed_by":1,"action":"challan_completed","target_user_id":42,"ip":"::1","details":{"challan_code":"CH-2026-0006","invoice_id":119,"transport_adjustment":0,"new_total":218,"journal_entry_id":122,"cogs_amount":2,"branch_id":1}}
{"timestamp":"2026-06-03 20:01:26","performed_by":1,"action":"return_created","target_user_id":16,"ip":"::1","details":{"sales_invoice_id":73,"total_amount":1,"item_count":1,"reason":"","branch_id":1}}
{"timestamp":"2026-06-03 22:49:06","performed_by":1,"action":"customer_payment_reversed","target_user_id":108,"ip":"::1","details":{"reason":"sdfsdfsdf","branch_id":1}}
{"timestamp":"2026-06-03 22:49:19","performed_by":1,"action":"customer_payment_reversed","target_user_id":108,"ip":"::1","details":{"reason":"sdsdsd","branch_id":1}}
{"timestamp":"2026-06-03 22:49:53","performed_by":1,"action":"customer_payment_reversed","target_user_id":108,"ip":"::1","details":{"reason":"www","branch_id":1}}
{"timestamp":"2026-06-03 22:52:36","performed_by":1,"action":"customer_payment_reversed","target_user_id":108,"ip":"::1","details":{"reason":"kolm k0oo","branch_id":1}}
{"timestamp":"2026-06-03 22:54:40","performed_by":1,"action":"supplier_transaction_created","target_user_id":9,"ip":"::1","details":{"payment_code":"SPAY-20260603-0001","transaction_type":"payment","amount":"89988","supplier_id":"8","journal_entry_id":132,"branch_id":1}}
{"timestamp":"2026-06-03 22:55:01","performed_by":1,"action":"supplier_transaction_reversed","target_user_id":9,"ip":"::1","details":{"reason":"asasas asasas","branch_id":1}}
{"timestamp":"2026-06-03 23:03:34","performed_by":1,"action":"employee_transaction_created","target_user_id":7,"ip":"::1","details":{"transaction_code":"ET-20260603-0001","transaction_type":"loan","amount":"2000","employee_id":"3","journal_entry_id":134,"branch_id":1}}
{"timestamp":"2026-06-03 23:03:52","performed_by":1,"action":"employee_transaction_reversed","target_user_id":7,"ip":"::1","details":{"reason":"szzss ss","branch_id":1}}
{"timestamp":"2026-06-03 23:09:24","performed_by":1,"action":"money_transfer_created","target_user_id":13,"ip":"::1","details":{"journal_entry_id":136,"transfer_code":"MT-20260603-0001","transfer_type":"cash_to_bank","amount":89999,"branch_id":1}}
{"timestamp":"2026-06-03 23:10:40","performed_by":1,"action":"money_transfer_created","target_user_id":14,"ip":"::1","details":{"journal_entry_id":137,"transfer_code":"MT-20260603-0001","transfer_type":"cash_to_bank","amount":70000,"branch_id":1}}
{"timestamp":"2026-06-03 23:11:14","performed_by":1,"action":"money_transfer_created","target_user_id":15,"ip":"::1","details":{"journal_entry_id":138,"transfer_code":"MT-20260603-0001","transfer_type":"cash_to_bank","amount":1221.99,"branch_id":1}}
{"timestamp":"2026-06-03 23:14:31","performed_by":1,"action":"money_transfer_created","target_user_id":20,"ip":"::1","details":{"journal_entry_id":142,"transfer_code":"MT-20260603-0002","transfer_type":"cash_to_bank","amount":10000,"branch_id":1}}
{"timestamp":"2026-06-04 12:25:03","performed_by":1,"action":"sale_created","target_user_id":521,"ip":"::1","details":{"invoice_code":"SI-20260604-0001","customer_id":1875,"total_amount":0,"journal_entry_id":146,"branch_id":1}}
